<?xml version="1.0" encoding="UTF-8"?>
<testsuite xmlns:xsi="http://www.w3.org/2001/XMLSchema-instance" xsi:noNamespaceSchemaLocation="https://maven.apache.org/surefire/maven-surefire-plugin/xsd/surefire-test-report-3.0.xsd" version="3.0" name="traltb.example.AccountServiceTest" time="0.558" tests="16" errors="0" skipped="0" failures="0">
  <properties>
[...]
</properties>
  <testcase name="isValidEmail_InvalidEmails_ReturnsFalse(String)[1]" classname="traltb.example.AccountServiceTest" time="0.141"/>
  <testcase name="isValidEmail_InvalidEmails_ReturnsFalse(String)[2]" classname="traltb.example.AccountServiceTest" time="0.004"/>
  <testcase name="isValidEmail_InvalidEmails_ReturnsFalse(String)[3]" classname="traltb.example.AccountServiceTest" time="0.002"/>
  <testcase name="isValidEmail_InvalidEmails_ReturnsFalse(String)[4]" classname="traltb.example.AccountServiceTest" time="0.001"/>
  <testcase name="isValidEmail_InvalidEmails_ReturnsFalse(String)[5]" classname="traltb.example.AccountServiceTest" time="0.001"/>
  <testcase name="registerAccount_FromCsv(String, String, String, boolean)[1]" classname="traltb.example.AccountServiceTest" time="0.087"/>
  <testcase name="registerAccount_FromCsv(String, String, String, boolean)[2]" classname="traltb.example.AccountServiceTest" time="0.003"/>
  <testcase name="registerAccount_FromCsv(String, String, String, boolean)[3]" classname="traltb.example.AccountServiceTest" time="0.001"/>
  <testcase name="registerAccount_FromCsv(String, String, String, boolean)[4]" classname="traltb.example.AccountServiceTest" time="0.001"/>
  <testcase name="registerAccount_FromCsv(String, String, String, boolean)[5]" classname="traltb.example.AccountServiceTest" time="0.001"/>
  <testcase name="registerAccount_PasswordExactly6_ReturnsFalse" classname="traltb.example.AccountServiceTest" time="0.004"/>
  <testcase name="registerAccount_AllNull_ReturnsFalse" classname="traltb.example.AccountServiceTest" time="0.002"/>
  <testcase name="isValidEmail_ValidEmails_ReturnsTrue(String)[1]" classname="traltb.example.AccountServiceTest" time="0.003"/>
  <testcase name="isValidEmail_ValidEmails_ReturnsTrue(String)[2]" classname="traltb.example.AccountServiceTest" time="0.002"/>
  <testcase name="isValidEmail_ValidEmails_ReturnsTrue(String)[3]" classname="traltb.example.AccountServiceTest" time="0.001"/>
  <testcase name="registerAccount_PasswordExactly7_ReturnsTrue" classname="traltb.example.AccountServiceTest" time="0.001"/>
</testsuite>